<?xml version="1.0" encoding="UTF-8"?>
<testng-results skipped="0" failed="0" total="9" passed="9">
  <reporter-output>
  </reporter-output>
  <suite name="Default suite" duration-ms="33836" started-at="2018-12-07T17:51:33Z" finished-at="2018-12-07T17:52:07Z">
    <groups>
    </groups>
    <test name="Default test" duration-ms="33836" started-at="2018-12-07T17:51:33Z" finished-at="2018-12-07T17:52:07Z">
      <class name="PoppleTestCases.StoryPageTestCasesTest">
        <test-method status="PASS" signature="Setup()" name="Setup" is-config="true" duration-ms="1053" started-at="2018-12-07T17:51:32Z" finished-at="2018-12-07T17:51:33Z">
        </test-method>
        <test-method status="PASS" signature="OpenBrowser()" name="OpenBrowser" is-config="true" duration-ms="7708" started-at="2018-12-07T17:51:33Z" finished-at="2018-12-07T17:51:41Z">
        </test-method>
        <test-method status="PASS" signature="OpenStoryPage()" name="OpenStoryPage" duration-ms="17326" started-at="2018-12-07T17:51:41Z" finished-at="2018-12-07T17:51:58Z">
        </test-method>
        <test-method status="PASS" signature="getResults(org.testng.ITestResult)" name="getResults" is-config="true" duration-ms="19" started-at="2018-12-07T17:51:58Z" finished-at="2018-12-07T17:51:58Z">
          <params>
            <param index="0">
              <value>
                <![CDATA[[TestResult: OpenStoryPage STATUS:SUCCESS METHOD:PoppleTestCases.StoryPageTestCasesTest.OpenStoryPage()]
]]>
              </value>
            </param>
          </params>
        </test-method>
        <test-method status="PASS" signature="CheckAdvertisementFrame()" name="CheckAdvertisementFrame" duration-ms="61" started-at="2018-12-07T17:51:58Z" finished-at="2018-12-07T17:51:59Z">
        </test-method>
        <test-method status="PASS" signature="getResults(org.testng.ITestResult)" name="getResults" is-config="true" duration-ms="0" started-at="2018-12-07T17:51:59Z" finished-at="2018-12-07T17:51:59Z">
          <params>
            <param index="0">
              <value>
                <![CDATA[[TestResult: CheckAdvertisementFrame STATUS:SUCCESS METHOD:PoppleTestCases.StoryPageTestCasesTest.CheckAdvertisementFrame()]
]]>
              </value>
            </param>
          </params>
        </test-method>
        <test-method status="PASS" signature="CheckStoryFirstImage()" name="CheckStoryFirstImage" duration-ms="43" started-at="2018-12-07T17:51:59Z" finished-at="2018-12-07T17:51:59Z">
        </test-method>
        <test-method status="PASS" signature="getResults(org.testng.ITestResult)" name="getResults" is-config="true" duration-ms="0" started-at="2018-12-07T17:51:59Z" finished-at="2018-12-07T17:51:59Z">
          <params>
            <param index="0">
              <value>
                <![CDATA[[TestResult: CheckStoryFirstImage STATUS:SUCCESS METHOD:PoppleTestCases.StoryPageTestCasesTest.CheckStoryFirstImage()]
]]>
              </value>
            </param>
          </params>
        </test-method>
        <test-method status="PASS" signature="CheckStoryAuthor()" name="CheckStoryAuthor" duration-ms="2953" started-at="2018-12-07T17:51:59Z" finished-at="2018-12-07T17:52:02Z">
        </test-method>
        <test-method status="PASS" signature="getResults(org.testng.ITestResult)" name="getResults" is-config="true" duration-ms="1" started-at="2018-12-07T17:52:02Z" finished-at="2018-12-07T17:52:02Z">
          <params>
            <param index="0">
              <value>
                <![CDATA[[TestResult: CheckStoryAuthor STATUS:SUCCESS METHOD:PoppleTestCases.StoryPageTestCasesTest.CheckStoryAuthor()]
]]>
              </value>
            </param>
          </params>
        </test-method>
        <test-method status="PASS" signature="CheckStoryTitle()" name="CheckStoryTitle" duration-ms="1145" started-at="2018-12-07T17:52:02Z" finished-at="2018-12-07T17:52:03Z">
        </test-method>
        <test-method status="PASS" signature="getResults(org.testng.ITestResult)" name="getResults" is-config="true" duration-ms="1" started-at="2018-12-07T17:52:03Z" finished-at="2018-12-07T17:52:03Z">
          <params>
            <param index="0">
              <value>
                <![CDATA[[TestResult: CheckStoryTitle STATUS:SUCCESS METHOD:PoppleTestCases.StoryPageTestCasesTest.CheckStoryTitle()]
]]>
              </value>
            </param>
          </params>
        </test-method>
        <test-method status="PASS" signature="CheckStoryDesc()" name="CheckStoryDesc" duration-ms="1105" started-at="2018-12-07T17:52:03Z" finished-at="2018-12-07T17:52:04Z">
        </test-method>
        <test-method status="PASS" signature="getResults(org.testng.ITestResult)" name="getResults" is-config="true" duration-ms="4" started-at="2018-12-07T17:52:04Z" finished-at="2018-12-07T17:52:04Z">
          <params>
            <param index="0">
              <value>
                <![CDATA[[TestResult: CheckStoryDesc STATUS:SUCCESS METHOD:PoppleTestCases.StoryPageTestCasesTest.CheckStoryDesc()]
]]>
              </value>
            </param>
          </params>
        </test-method>
        <test-method status="PASS" signature="CheckStoryShares()" name="CheckStoryShares" duration-ms="1095" started-at="2018-12-07T17:52:04Z" finished-at="2018-12-07T17:52:05Z">
        </test-method>
        <test-method status="PASS" signature="getResults(org.testng.ITestResult)" name="getResults" is-config="true" duration-ms="4" started-at="2018-12-07T17:52:05Z" finished-at="2018-12-07T17:52:05Z">
          <params>
            <param index="0">
              <value>
                <![CDATA[[TestResult: CheckStoryShares STATUS:SUCCESS METHOD:PoppleTestCases.StoryPageTestCasesTest.CheckStoryShares()]
]]>
              </value>
            </param>
          </params>
        </test-method>
        <test-method status="PASS" signature="CheckStoryShareOptions()" name="CheckStoryShareOptions" duration-ms="1220" started-at="2018-12-07T17:52:05Z" finished-at="2018-12-07T17:52:06Z">
        </test-method>
        <test-method status="PASS" signature="getResults(org.testng.ITestResult)" name="getResults" is-config="true" duration-ms="1" started-at="2018-12-07T17:52:06Z" finished-at="2018-12-07T17:52:06Z">
          <params>
            <param index="0">
              <value>
                <![CDATA[[TestResult: CheckStoryShareOptions STATUS:SUCCESS METHOD:PoppleTestCases.StoryPageTestCasesTest.CheckStoryShareOptions()]
]]>
              </value>
            </param>
          </params>
        </test-method>
        <test-method status="PASS" signature="CheckStoryContent()" name="CheckStoryContent" duration-ms="1087" started-at="2018-12-07T17:52:06Z" finished-at="2018-12-07T17:52:07Z">
        </test-method>
        <test-method status="PASS" signature="getResults(org.testng.ITestResult)" name="getResults" is-config="true" duration-ms="1" started-at="2018-12-07T17:52:07Z" finished-at="2018-12-07T17:52:07Z">
          <params>
            <param index="0">
              <value>
                <![CDATA[[TestResult: CheckStoryContent STATUS:SUCCESS METHOD:PoppleTestCases.StoryPageTestCasesTest.CheckStoryContent()]
]]>
              </value>
            </param>
          </params>
        </test-method>
        <test-method status="PASS" signature="tearDown()" name="tearDown" is-config="true" duration-ms="847" started-at="2018-12-07T17:52:07Z" finished-at="2018-12-07T17:52:08Z">
        </test-method>
      </class>
    </test>
  </suite>
</testng-results>
