<?xml version="1.0" encoding="UTF-8" ?>
<testsuite tests="31" failures="0" name="PoppleTestCases.TestCaseDashboardToVerifyImageAndContentTest" time="14.464" errors="0" skipped="0">
  <properties>
[...]
</properties>
  <testcase classname="PoppleTestCases.TestCaseDashboardToVerifyImageAndContentTest" name="CheckSearchOption" time="0.02"/>
  <testcase classname="PoppleTestCases.TestCaseDashboardToVerifyImageAndContentTest" name="CheckFacebookLink" time="0.016"/>
  <testcase classname="PoppleTestCases.TestCaseDashboardToVerifyImageAndContentTest" name="CheckInstaLink" time="5.011"/>
  <testcase classname="PoppleTestCases.TestCaseDashboardToVerifyImageAndContentTest" name="CheckTwittLink" time="0.015"/>
  <testcase classname="PoppleTestCases.TestCaseDashboardToVerifyImageAndContentTest" name="CheckYouTubeLink" time="0.01"/>
  <testcase classname="PoppleTestCases.TestCaseDashboardToVerifyImageAndContentTest" name="CheckSiteLogo" time="0.009"/>
  <testcase classname="PoppleTestCases.TestCaseDashboardToVerifyImageAndContentTest" name="CheckPositiveCategoriesLink" time="0.007"/>
  <testcase classname="PoppleTestCases.TestCaseDashboardToVerifyImageAndContentTest" name="CheckpopularCategoriesLink" time="0.007"/>
  <testcase classname="PoppleTestCases.TestCaseDashboardToVerifyImageAndContentTest" name="CheckPeopleCategoriesLink" time="0.009"/>
  <testcase classname="PoppleTestCases.TestCaseDashboardToVerifyImageAndContentTest" name="CheckVideosLink" time="0.01"/>
  <testcase classname="PoppleTestCases.TestCaseDashboardToVerifyImageAndContentTest" name="CheckQuizeLink" time="0.012"/>
  <testcase classname="PoppleTestCases.TestCaseDashboardToVerifyImageAndContentTest" name="CheckFeaturedPostImage" time="0.008"/>
  <testcase classname="PoppleTestCases.TestCaseDashboardToVerifyImageAndContentTest" name="CheckFeaturedPostTitle" time="0.008"/>
  <testcase classname="PoppleTestCases.TestCaseDashboardToVerifyImageAndContentTest" name="CheckFeaturedPostAuthor" time="0.018"/>
  <testcase classname="PoppleTestCases.TestCaseDashboardToVerifyImageAndContentTest" name="CheckSecondPostImage" time="0.008"/>
  <testcase classname="PoppleTestCases.TestCaseDashboardToVerifyImageAndContentTest" name="CheckSecondPostTitle" time="0.008"/>
  <testcase classname="PoppleTestCases.TestCaseDashboardToVerifyImageAndContentTest" name="CheckSecondPostAuthor" time="0.008"/>
  <testcase classname="PoppleTestCases.TestCaseDashboardToVerifyImageAndContentTest" name="CheckThirdPostImage" time="0.007"/>
  <testcase classname="PoppleTestCases.TestCaseDashboardToVerifyImageAndContentTest" name="CheckThirdPostTitle" time="0.008"/>
  <testcase classname="PoppleTestCases.TestCaseDashboardToVerifyImageAndContentTest" name="CheckThirdPostAuthor" time="0.009"/>
  <testcase classname="PoppleTestCases.TestCaseDashboardToVerifyImageAndContentTest" name="CheckLatestStoryImage" time="0.008"/>
  <testcase classname="PoppleTestCases.TestCaseDashboardToVerifyImageAndContentTest" name="CheckLatestStoryTitle" time="0.007"/>
  <testcase classname="PoppleTestCases.TestCaseDashboardToVerifyImageAndContentTest" name="CheckLatestStoryAuthor" time="1.024"/>
  <testcase classname="PoppleTestCases.TestCaseDashboardToVerifyImageAndContentTest" name="CheckTheVideo1" time="1.026"/>
  <testcase classname="PoppleTestCases.TestCaseDashboardToVerifyImageAndContentTest" name="Checkvideo2" time="1.026"/>
  <testcase classname="PoppleTestCases.TestCaseDashboardToVerifyImageAndContentTest" name="CheckQuizeFeedImage" time="1.032"/>
  <testcase classname="PoppleTestCases.TestCaseDashboardToVerifyImageAndContentTest" name="CheckQuizefeedTitle" time="1.033"/>
  <testcase classname="PoppleTestCases.TestCaseDashboardToVerifyImageAndContentTest" name="QuizeFeedAuthor" time="1.027"/>
  <testcase classname="PoppleTestCases.TestCaseDashboardToVerifyImageAndContentTest" name="CheckEatSleepReadReaptImage" time="1.025"/>
  <testcase classname="PoppleTestCases.TestCaseDashboardToVerifyImageAndContentTest" name="CheckEatSleepReadReaptTitle" time="1.027"/>
  <testcase classname="PoppleTestCases.TestCaseDashboardToVerifyImageAndContentTest" name="CheckEatSleepReadReaptAuthor" time="1.021"/>
</testsuite>