<?xml version="1.0" encoding="UTF-8"?>
<testsuite hostname="wittyfeed-Vostro-3558" name="PoppleTestCases.StoryPageTestCasesTest" tests="9" failures="0" timestamp="7 Dec 2018 12:22:07 GMT" time="33.836" errors="0">
  <testcase name="OpenStoryPage" time="17.326" classname="PoppleTestCases.StoryPageTestCasesTest"/>
  <testcase name="CheckAdvertisementFrame" time="0.061" classname="PoppleTestCases.StoryPageTestCasesTest"/>
  <testcase name="CheckStoryFirstImage" time="0.043" classname="PoppleTestCases.StoryPageTestCasesTest"/>
  <testcase name="CheckStoryAuthor" time="2.953" classname="PoppleTestCases.StoryPageTestCasesTest"/>
  <testcase name="CheckStoryTitle" time="1.145" classname="PoppleTestCases.StoryPageTestCasesTest"/>
  <testcase name="CheckStoryDesc" time="1.105" classname="PoppleTestCases.StoryPageTestCasesTest"/>
  <testcase name="CheckStoryShares" time="1.095" classname="PoppleTestCases.StoryPageTestCasesTest"/>
  <testcase name="CheckStoryShareOptions" time="1.22" classname="PoppleTestCases.StoryPageTestCasesTest"/>
  <testcase name="CheckStoryContent" time="1.087" classname="PoppleTestCases.StoryPageTestCasesTest"/>
</testsuite>
